<?xml version="1.0" encoding="UTF-8"?>
<!-- Generated by org.testng.reporters.JUnitReportReporter -->
<testsuite skipped="0" hostname="DESKTOP-CNNEQ4T" name="mypackage.NewTest" tests="1" failures="0" timestamp="18 Sep 2017 05:18:33 GMT" time="0.031" errors="0">
  <testcase name="f" time="0.031" classname="mypackage.NewTest"/>
</testsuite> <!-- mypackage.NewTest -->
